2023-02-07 19:42:16 [34mINFO [0;39m [36mplay.api.db.DefaultDBApi[0;39m [35m[0;39m Database [default] initialized
2023-02-07 19:42:16 [34mINFO [0;39m [36mplay.api.db.HikariCPConnectionPool[0;39m [35m[0;39m Creating Pool for datasource 'default'
2023-02-07 19:42:18 [34mINFO [0;39m [36mplay.api.http.EnabledFilters[0;39m [35m[0;39m Enabled Filters (see <https://www.playframework.com/documentation/latest/Filters>):

    play.filters.csrf.CSRFFilter
    play.filters.headers.SecurityHeadersFilter
    play.filters.hosts.AllowedHostsFilter

2023-02-07 19:42:19 [34mINFO [0;39m [36mplay.api.Play[0;39m [35m[0;39m Application started (Dev) (no global state)
2023-02-07 19:43:06 [34mINFO [0;39m [36mp.a.i.l.c.CoordinatedShutdownSupport[0;39m [35m[0;39m Starting synchronous coordinated shutdown with ServerStoppedReason reason and 35000 milliseconds timeout
2023-02-07 19:43:06 [34mINFO [0;39m [36mplay.core.server.AkkaHttpServer[0;39m [35m[0;39m Stopping Akka HTTP server...
2023-02-07 19:43:06 [34mINFO [0;39m [36mplay.core.server.AkkaHttpServer[0;39m [35m[0;39m Terminating server binding for /0:0:0:0:0:0:0:0:9000
2023-02-07 19:43:06 [34mINFO [0;39m [36mplay.api.db.HikariCPConnectionPool[0;39m [35m[0;39m Shutting down connection pool.
2023-02-07 19:43:06 [34mINFO [0;39m [36mplay.core.server.AkkaHttpServer[0;39m [35m[0;39m Running provided shutdown stop hooks
2023-02-07 19:48:59 [34mINFO [0;39m [36mplay.api.db.DefaultDBApi[0;39m [35m[0;39m Database [default] initialized
2023-02-07 19:48:59 [34mINFO [0;39m [36mplay.api.db.HikariCPConnectionPool[0;39m [35m[0;39m Creating Pool for datasource 'default'
2023-02-07 19:49:00 [34mINFO [0;39m [36mplay.api.http.EnabledFilters[0;39m [35m[0;39m Enabled Filters (see <https://www.playframework.com/documentation/latest/Filters>):

    play.filters.csrf.CSRFFilter
    play.filters.headers.SecurityHeadersFilter
    play.filters.hosts.AllowedHostsFilter

2023-02-07 19:49:01 [34mINFO [0;39m [36mplay.api.Play[0;39m [35m[0;39m Application started (Dev) (no global state)
2023-02-07 19:49:17 [34mINFO [0;39m [36mp.a.i.l.c.CoordinatedShutdownSupport[0;39m [35m[0;39m Starting synchronous coordinated shutdown with ServerStoppedReason reason and 35000 milliseconds timeout
2023-02-07 19:49:17 [34mINFO [0;39m [36mplay.core.server.AkkaHttpServer[0;39m [35m[0;39m Stopping Akka HTTP server...
2023-02-07 19:49:17 [34mINFO [0;39m [36mplay.core.server.AkkaHttpServer[0;39m [35m[0;39m Terminating server binding for /0:0:0:0:0:0:0:0:9000
2023-02-07 19:49:17 [34mINFO [0;39m [36mplay.api.db.HikariCPConnectionPool[0;39m [35m[0;39m Shutting down connection pool.
2023-02-07 19:49:17 [34mINFO [0;39m [36mplay.core.server.AkkaHttpServer[0;39m [35m[0;39m Running provided shutdown stop hooks
2023-02-07 19:57:35 [34mINFO [0;39m [36mplay.api.db.DefaultDBApi[0;39m [35m[0;39m Database [default] initialized
2023-02-07 19:57:35 [34mINFO [0;39m [36mplay.api.db.HikariCPConnectionPool[0;39m [35m[0;39m Creating Pool for datasource 'default'
2023-02-07 19:57:36 [34mINFO [0;39m [36mplay.api.http.EnabledFilters[0;39m [35m[0;39m Enabled Filters (see <https://www.playframework.com/documentation/latest/Filters>):

    play.filters.csrf.CSRFFilter
    play.filters.headers.SecurityHeadersFilter
    play.filters.hosts.AllowedHostsFilter

2023-02-07 19:57:36 [34mINFO [0;39m [36mplay.api.Play[0;39m [35m[0;39m Application started (Dev) (no global state)
2023-02-07 19:58:50 [34mINFO [0;39m [36mp.a.i.l.c.CoordinatedShutdownSupport[0;39m [35m[0;39m Starting synchronous coordinated shutdown with ServerStoppedReason reason and 35000 milliseconds timeout
2023-02-07 19:58:50 [34mINFO [0;39m [36mplay.core.server.AkkaHttpServer[0;39m [35m[0;39m Stopping Akka HTTP server...
2023-02-07 19:58:50 [34mINFO [0;39m [36mplay.core.server.AkkaHttpServer[0;39m [35m[0;39m Terminating server binding for /0:0:0:0:0:0:0:0:9000
2023-02-07 19:58:50 [34mINFO [0;39m [36mplay.api.db.HikariCPConnectionPool[0;39m [35m[0;39m Shutting down connection pool.
2023-02-07 19:58:50 [34mINFO [0;39m [36mplay.core.server.AkkaHttpServer[0;39m [35m[0;39m Running provided shutdown stop hooks
2023-02-07 20:00:53 [34mINFO [0;39m [36mplay.api.db.DefaultDBApi[0;39m [35m[0;39m Database [default] initialized
2023-02-07 20:00:53 [34mINFO [0;39m [36mplay.api.db.HikariCPConnectionPool[0;39m [35m[0;39m Creating Pool for datasource 'default'
2023-02-07 20:00:54 [34mINFO [0;39m [36mplay.api.http.EnabledFilters[0;39m [35m[0;39m Enabled Filters (see <https://www.playframework.com/documentation/latest/Filters>):

    play.filters.csrf.CSRFFilter
    play.filters.headers.SecurityHeadersFilter
    play.filters.hosts.AllowedHostsFilter

2023-02-07 20:00:54 [34mINFO [0;39m [36mplay.api.Play[0;39m [35m[0;39m Application started (Dev) (no global state)
2023-02-07 20:07:04 [34mINFO [0;39m [36mplay.api.db.HikariCPConnectionPool[0;39m [35m[0;39m Shutting down connection pool.
2023-02-07 20:07:04 [34mINFO [0;39m [36mplay.api.db.DefaultDBApi[0;39m [35m[0;39m Database [default] initialized
2023-02-07 20:07:04 [34mINFO [0;39m [36mplay.api.db.HikariCPConnectionPool[0;39m [35m[0;39m Creating Pool for datasource 'default'
2023-02-07 20:07:04 [34mINFO [0;39m [36mplay.api.http.EnabledFilters[0;39m [35m[0;39m Enabled Filters (see <https://www.playframework.com/documentation/latest/Filters>):

    play.filters.csrf.CSRFFilter
    play.filters.headers.SecurityHeadersFilter
    play.filters.hosts.AllowedHostsFilter

2023-02-07 20:07:04 [34mINFO [0;39m [36mplay.api.Play[0;39m [35m[0;39m Application started (Dev) (no global state)
2023-02-07 20:34:41 [34mINFO [0;39m [36mp.a.i.l.c.CoordinatedShutdownSupport[0;39m [35m[0;39m Starting synchronous coordinated shutdown with ServerStoppedReason reason and 35000 milliseconds timeout
2023-02-07 20:34:41 [34mINFO [0;39m [36mplay.core.server.AkkaHttpServer[0;39m [35m[0;39m Stopping Akka HTTP server...
2023-02-07 20:34:41 [34mINFO [0;39m [36mplay.core.server.AkkaHttpServer[0;39m [35m[0;39m Terminating server binding for /0:0:0:0:0:0:0:0:9000
2023-02-07 20:34:41 [34mINFO [0;39m [36mplay.api.db.HikariCPConnectionPool[0;39m [35m[0;39m Shutting down connection pool.
2023-02-07 20:34:41 [34mINFO [0;39m [36mplay.core.server.AkkaHttpServer[0;39m [35m[0;39m Running provided shutdown stop hooks
