[0m[[0m[0mdebug[0m] [0m[0m> Exec(run, Some(599e77d5-44ac-42cc-8096-b5cf4a30231e), Some(CommandSource(console0)))[0m
[0m[[0m[0mdebug[0m] [0m[0mEvaluating tasks: Compile / run[0m
[0m[[0m[0mdebug[0m] [0m[0mRunning task... Cancel: Signal, check cycles: false, forcegc: true[0m
[0m[[0m[0mdebug[0m] [0m[0mRunning task... Cancel: Signal, check cycles: false, forcegc: true[0m
[0m[[0m[0mdebug[0m] [0m[0mRunning task... Cancel: Signal, check cycles: false, forcegc: true[0m
[0m[[0m[0mdebug[0m] [0m[0mExporting web-assets:trabajofinalrestcloud[0m
[0m[[0m[0mdebug[0m] [0m[0mRunning task... Cancel: Signal, check cycles: false, forcegc: true[0m
[0m[[0m[0mdebug[0m] [0m[0mRunning task... Cancel: Signal, check cycles: false, forcegc: true[0m
[0m[[0m[0minfo[0m] [0m[0mcompiling 1 Java source to C:\Users\Usuario\Documents\Master\2_CLOUD\Servicios_REST\trabajofinalrestcloud\target\scala-2.13\classes ...[0m
[0m[[0m[0minfo[0m] [0m[0mC:\Users\Usuario\Documents\Master\2_CLOUD\Servicios_REST\trabajofinalrestcloud\app\models\RecipeModel.java: RecipeModel.java uses unchecked or unsafe operations.[0m
[0m[[0m[0minfo[0m] [0m[0mC:\Users\Usuario\Documents\Master\2_CLOUD\Servicios_REST\trabajofinalrestcloud\app\models\RecipeModel.java: Recompile with -Xlint:unchecked for details.[0m
[0m[[0m[0mdebug[0m] [0m[0mRunning task... Cancel: Signal, check cycles: false, forcegc: true[0m
[0m[[0m[0mdebug[0m] [0m[0mExporting web-assets:trabajofinalrestcloud[0m
[0m[[0m[0mdebug[0m] [0m[0mRunning task... Cancel: Signal, check cycles: false, forcegc: true[0m
[0m[[0m[0mdebug[0m] [0m[0mRunning task... Cancel: Signal, check cycles: false, forcegc: true[0m
[0m[[0m[0minfo[0m] [0m[0mcompiling 1 Java source to C:\Users\Usuario\Documents\Master\2_CLOUD\Servicios_REST\trabajofinalrestcloud\target\scala-2.13\classes ...[0m
[0m[[0m[0minfo[0m] [0m[0mC:\Users\Usuario\Documents\Master\2_CLOUD\Servicios_REST\trabajofinalrestcloud\app\models\RecipeModel.java: RecipeModel.java uses unchecked or unsafe operations.[0m
[0m[[0m[0minfo[0m] [0m[0mC:\Users\Usuario\Documents\Master\2_CLOUD\Servicios_REST\trabajofinalrestcloud\app\models\RecipeModel.java: Recompile with -Xlint:unchecked for details.[0m
[0m[[0m[0mdebug[0m] [0m[0mRunning task... Cancel: Signal, check cycles: false, forcegc: true[0m
[0m[[0m[0mdebug[0m] [0m[0mExporting web-assets:trabajofinalrestcloud[0m
[0m[[0m[0mdebug[0m] [0m[0mRunning task... Cancel: Signal, check cycles: false, forcegc: true[0m
[0m[[0m[0mdebug[0m] [0m[0mRunning task... Cancel: Signal, check cycles: false, forcegc: true[0m
[0m[[0m[0minfo[0m] [0m[0mcompiling 2 Java sources to C:\Users\Usuario\Documents\Master\2_CLOUD\Servicios_REST\trabajofinalrestcloud\target\scala-2.13\classes ...[0m
[0m[[0m[0minfo[0m] [0m[0mC:\Users\Usuario\Documents\Master\2_CLOUD\Servicios_REST\trabajofinalrestcloud\app\models\RecipeModel.java: RecipeModel.java uses unchecked or unsafe operations.[0m
[0m[[0m[0minfo[0m] [0m[0mC:\Users\Usuario\Documents\Master\2_CLOUD\Servicios_REST\trabajofinalrestcloud\app\models\RecipeModel.java: Recompile with -Xlint:unchecked for details.[0m
[0m[[0m[0mdebug[0m] [0m[0mRunning task... Cancel: Signal, check cycles: false, forcegc: true[0m
[0m[[0m[0mdebug[0m] [0m[0mExporting web-assets:trabajofinalrestcloud[0m
[0m[[0m[0mdebug[0m] [0m[0mRunning task... Cancel: Signal, check cycles: false, forcegc: true[0m
[0m[[0m[0mdebug[0m] [0m[0mRunning task... Cancel: Signal, check cycles: false, forcegc: true[0m
[0m[[0m[0minfo[0m] [0m[0mcompiling 1 Java source to C:\Users\Usuario\Documents\Master\2_CLOUD\Servicios_REST\trabajofinalrestcloud\target\scala-2.13\classes ...[0m
[0m[[0m[0mdebug[0m] [0m[0mForcing garbage collection...[0m
[0m[[0m[0mdebug[0m] [0m[0mRunning task... Cancel: Signal, check cycles: false, forcegc: true[0m
[0m[[0m[0mdebug[0m] [0m[0mExporting web-assets:trabajofinalrestcloud[0m
[0m[[0m[0mdebug[0m] [0m[0mRunning task... Cancel: Signal, check cycles: false, forcegc: true[0m
[0m[[0m[0mdebug[0m] [0m[0mRunning task... Cancel: Signal, check cycles: false, forcegc: true[0m
[0m[[0m[0minfo[0m] [0m[0mcompiling 3 Java sources to C:\Users\Usuario\Documents\Master\2_CLOUD\Servicios_REST\trabajofinalrestcloud\target\scala-2.13\classes ...[0m
[0m[[0m[0minfo[0m] [0m[0mC:\Users\Usuario\Documents\Master\2_CLOUD\Servicios_REST\trabajofinalrestcloud\app\controllers\RecipeController.java: Some input files use unchecked or unsafe operations.[0m
[0m[[0m[0minfo[0m] [0m[0mC:\Users\Usuario\Documents\Master\2_CLOUD\Servicios_REST\trabajofinalrestcloud\app\controllers\RecipeController.java: Recompile with -Xlint:unchecked for details.[0m
[0m[[0m[0minfo[0m] [0m[0mcompiling 6 Java sources to C:\Users\Usuario\Documents\Master\2_CLOUD\Servicios_REST\trabajofinalrestcloud\target\scala-2.13\classes ...[0m
[0m[[0m[0minfo[0m] [0m[0mC:\Users\Usuario\Documents\Master\2_CLOUD\Servicios_REST\trabajofinalrestcloud\app\controllers\RecipeController.java: Some input files use unchecked or unsafe operations.[0m
[0m[[0m[0minfo[0m] [0m[0mC:\Users\Usuario\Documents\Master\2_CLOUD\Servicios_REST\trabajofinalrestcloud\app\controllers\RecipeController.java: Recompile with -Xlint:unchecked for details.[0m
[0m[[0m[0mdebug[0m] [0m[0mForcing garbage collection...[0m
[0m[[0m[0mdebug[0m] [0m[0mRunning task... Cancel: Signal, check cycles: false, forcegc: true[0m
[0m[[0m[0mdebug[0m] [0m[0mExporting web-assets:trabajofinalrestcloud[0m
[0m[[0m[0mdebug[0m] [0m[0mRunning task... Cancel: Signal, check cycles: false, forcegc: true[0m
[0m[[0m[0mdebug[0m] [0m[0mRunning task... Cancel: Signal, check cycles: false, forcegc: true[0m
[0m[[0m[0minfo[0m] [0m[0mcompiling 2 Java sources to C:\Users\Usuario\Documents\Master\2_CLOUD\Servicios_REST\trabajofinalrestcloud\target\scala-2.13\classes ...[0m
[0m[[0m[0minfo[0m] [0m[0mC:\Users\Usuario\Documents\Master\2_CLOUD\Servicios_REST\trabajofinalrestcloud\app\models\RecipeModel.java: RecipeModel.java uses unchecked or unsafe operations.[0m
[0m[[0m[0minfo[0m] [0m[0mC:\Users\Usuario\Documents\Master\2_CLOUD\Servicios_REST\trabajofinalrestcloud\app\models\RecipeModel.java: Recompile with -Xlint:unchecked for details.[0m
[0m[[0m[0minfo[0m] [0m[0mcompiling 6 Java sources to C:\Users\Usuario\Documents\Master\2_CLOUD\Servicios_REST\trabajofinalrestcloud\target\scala-2.13\classes ...[0m
[0m[[0m[31merror[0m] [0m[0mC:\Users\Usuario\Documents\Master\2_CLOUD\Servicios_REST\trabajofinalrestcloud\app\controllers\RecipeController.java:215:1: ingredients has private access in models.RecipeModel[0m
[0m[[0m[31merror[0m] [0m[0mum.ingredients[0m
[0m[[0m[0minfo[0m] [0m[0mC:\Users\Usuario\Documents\Master\2_CLOUD\Servicios_REST\trabajofinalrestcloud\app\controllers\RecipeController.java: Some input files use unchecked or unsafe operations.[0m
[0m[[0m[0minfo[0m] [0m[0mC:\Users\Usuario\Documents\Master\2_CLOUD\Servicios_REST\trabajofinalrestcloud\app\controllers\RecipeController.java: Recompile with -Xlint:unchecked for details.[0m
[0m[[0m[0mdebug[0m] [0m[0mForcing garbage collection...[0m
[0m[[0m[31merror[0m] [0m[0m(Compile / [31mcompileIncremental[0m) javac returned non-zero exit code[0m
[0m[[0m[0mdebug[0m] [0m[0mRunning task... Cancel: Signal, check cycles: false, forcegc: true[0m
[0m[[0m[0mdebug[0m] [0m[0mRunning task... Cancel: Signal, check cycles: false, forcegc: true[0m
[0m[[0m[0mdebug[0m] [0m[0mRunning task... Cancel: Signal, check cycles: false, forcegc: true[0m
[0m[[0m[0minfo[0m] [0m[0mcompiling 2 Java sources to C:\Users\Usuario\Documents\Master\2_CLOUD\Servicios_REST\trabajofinalrestcloud\target\scala-2.13\classes ...[0m
[0m[[0m[0minfo[0m] [0m[0mC:\Users\Usuario\Documents\Master\2_CLOUD\Servicios_REST\trabajofinalrestcloud\app\models\RecipeModel.java: RecipeModel.java uses unchecked or unsafe operations.[0m
[0m[[0m[0minfo[0m] [0m[0mC:\Users\Usuario\Documents\Master\2_CLOUD\Servicios_REST\trabajofinalrestcloud\app\models\RecipeModel.java: Recompile with -Xlint:unchecked for details.[0m
[0m[[0m[0minfo[0m] [0m[0mcompiling 6 Java sources to C:\Users\Usuario\Documents\Master\2_CLOUD\Servicios_REST\trabajofinalrestcloud\target\scala-2.13\classes ...[0m
[0m[[0m[31merror[0m] [0m[0mC:\Users\Usuario\Documents\Master\2_CLOUD\Servicios_REST\trabajofinalrestcloud\app\controllers\RecipeController.java:215:1: ingredients has private access in models.RecipeModel[0m
[0m[[0m[31merror[0m] [0m[0mum.ingredients[0m
[0m[[0m[0minfo[0m] [0m[0mC:\Users\Usuario\Documents\Master\2_CLOUD\Servicios_REST\trabajofinalrestcloud\app\controllers\RecipeController.java: Some input files use unchecked or unsafe operations.[0m
[0m[[0m[0minfo[0m] [0m[0mC:\Users\Usuario\Documents\Master\2_CLOUD\Servicios_REST\trabajofinalrestcloud\app\controllers\RecipeController.java: Recompile with -Xlint:unchecked for details.[0m
[0m[[0m[31merror[0m] [0m[0m(Compile / [31mcompileIncremental[0m) javac returned non-zero exit code[0m
[0m[[0m[0mdebug[0m] [0m[0mRunning task... Cancel: Signal, check cycles: false, forcegc: true[0m
[0m[[0m[0mdebug[0m] [0m[0mRunning task... Cancel: Signal, check cycles: false, forcegc: true[0m
[0m[[0m[0mdebug[0m] [0m[0mRunning task... Cancel: Signal, check cycles: false, forcegc: true[0m
[0m[[0m[0minfo[0m] [0m[0mcompiling 3 Java sources to C:\Users\Usuario\Documents\Master\2_CLOUD\Servicios_REST\trabajofinalrestcloud\target\scala-2.13\classes ...[0m
[0m[[0m[0minfo[0m] [0m[0mC:\Users\Usuario\Documents\Master\2_CLOUD\Servicios_REST\trabajofinalrestcloud\app\controllers\RecipeController.java: Some input files use unchecked or unsafe operations.[0m
[0m[[0m[0minfo[0m] [0m[0mC:\Users\Usuario\Documents\Master\2_CLOUD\Servicios_REST\trabajofinalrestcloud\app\controllers\RecipeController.java: Recompile with -Xlint:unchecked for details.[0m
[0m[[0m[0minfo[0m] [0m[0mcompiling 6 Java sources to C:\Users\Usuario\Documents\Master\2_CLOUD\Servicios_REST\trabajofinalrestcloud\target\scala-2.13\classes ...[0m
[0m[[0m[0minfo[0m] [0m[0mC:\Users\Usuario\Documents\Master\2_CLOUD\Servicios_REST\trabajofinalrestcloud\app\controllers\RecipeController.java: Some input files use unchecked or unsafe operations.[0m
[0m[[0m[0minfo[0m] [0m[0mC:\Users\Usuario\Documents\Master\2_CLOUD\Servicios_REST\trabajofinalrestcloud\app\controllers\RecipeController.java: Recompile with -Xlint:unchecked for details.[0m
[0m[[0m[0mdebug[0m] [0m[0mRunning task... Cancel: Signal, check cycles: false, forcegc: true[0m
[0m[[0m[0mdebug[0m] [0m[0mExporting web-assets:trabajofinalrestcloud[0m
[0m[[0m[0minfo[0m] [0m[0mcompiling 8 Scala sources and 9 Java sources to C:\Users\Usuario\Documents\Master\2_CLOUD\Servicios_REST\trabajofinalrestcloud\target\scala-2.13\classes ...[0m
[0m[[0m[0minfo[0m] [0m[0mC:\Users\Usuario\Documents\Master\2_CLOUD\Servicios_REST\trabajofinalrestcloud\app\controllers\RecipeController.java: Some input files use unchecked or unsafe operations.[0m
[0m[[0m[0minfo[0m] [0m[0mC:\Users\Usuario\Documents\Master\2_CLOUD\Servicios_REST\trabajofinalrestcloud\app\controllers\RecipeController.java: Recompile with -Xlint:unchecked for details.[0m
[0m[[0m[0mdebug[0m] [0m[0mRunning task... Cancel: Signal, check cycles: false, forcegc: true[0m
[0m[[0m[0mdebug[0m] [0m[0mRunning task... Cancel: Signal, check cycles: false, forcegc: true[0m
[0m[[0m[0minfo[0m] [0m[0mcompiling 1 Java source to C:\Users\Usuario\Documents\Master\2_CLOUD\Servicios_REST\trabajofinalrestcloud\target\scala-2.13\classes ...[0m
[0m[[0m[0minfo[0m] [0m[0mC:\Users\Usuario\Documents\Master\2_CLOUD\Servicios_REST\trabajofinalrestcloud\app\models\RecipeModel.java: RecipeModel.java uses unchecked or unsafe operations.[0m
[0m[[0m[0minfo[0m] [0m[0mC:\Users\Usuario\Documents\Master\2_CLOUD\Servicios_REST\trabajofinalrestcloud\app\models\RecipeModel.java: Recompile with -Xlint:unchecked for details.[0m
[0m[[0m[0mdebug[0m] [0m[0mRunning task... Cancel: Signal, check cycles: false, forcegc: true[0m
[0m[[0m[0mdebug[0m] [0m[0mExporting web-assets:trabajofinalrestcloud[0m
[0m[[0m[0mdebug[0m] [0m[0mRunning task... Cancel: Signal, check cycles: false, forcegc: true[0m
[0m[[0m[0mdebug[0m] [0m[0mRunning task... Cancel: Signal, check cycles: false, forcegc: true[0m
[0m[[0m[0minfo[0m] [0m[0mcompiling 1 Java source to C:\Users\Usuario\Documents\Master\2_CLOUD\Servicios_REST\trabajofinalrestcloud\target\scala-2.13\classes ...[0m
[0m[[0m[0mdebug[0m] [0m[0mForcing garbage collection...[0m
[0m[[0m[0mdebug[0m] [0m[0mRunning task... Cancel: Signal, check cycles: false, forcegc: true[0m
[0m[[0m[0mdebug[0m] [0m[0mExporting web-assets:trabajofinalrestcloud[0m
[0m[[0m[0mdebug[0m] [0m[0mRunning task... Cancel: Signal, check cycles: false, forcegc: true[0m
[0m[[0m[0mdebug[0m] [0m[0mRunning task... Cancel: Signal, check cycles: false, forcegc: true[0m
[0m[[0m[0minfo[0m] [0m[0mcompiling 2 Java sources to C:\Users\Usuario\Documents\Master\2_CLOUD\Servicios_REST\trabajofinalrestcloud\target\scala-2.13\classes ...[0m
[0m[[0m[0minfo[0m] [0m[0mC:\Users\Usuario\Documents\Master\2_CLOUD\Servicios_REST\trabajofinalrestcloud\app\models\RecipeModel.java: RecipeModel.java uses unchecked or unsafe operations.[0m
[0m[[0m[0minfo[0m] [0m[0mC:\Users\Usuario\Documents\Master\2_CLOUD\Servicios_REST\trabajofinalrestcloud\app\models\RecipeModel.java: Recompile with -Xlint:unchecked for details.[0m
[0m[[0m[0mdebug[0m] [0m[0mRunning task... Cancel: Signal, check cycles: false, forcegc: true[0m
[0m[[0m[0mdebug[0m] [0m[0mExporting web-assets:trabajofinalrestcloud[0m
[0m[[0m[0mdebug[0m] [0m[0mRunning task... Cancel: Signal, check cycles: false, forcegc: true[0m
[0m[[0m[0mdebug[0m] [0m[0mRunning task... Cancel: Signal, check cycles: false, forcegc: true[0m
[0m[[0m[0minfo[0m] [0m[0mcompiling 1 Java source to C:\Users\Usuario\Documents\Master\2_CLOUD\Servicios_REST\trabajofinalrestcloud\target\scala-2.13\classes ...[0m
[0m[[0m[0minfo[0m] [0m[0mC:\Users\Usuario\Documents\Master\2_CLOUD\Servicios_REST\trabajofinalrestcloud\app\models\RecipeModel.java: RecipeModel.java uses unchecked or unsafe operations.[0m
[0m[[0m[0minfo[0m] [0m[0mC:\Users\Usuario\Documents\Master\2_CLOUD\Servicios_REST\trabajofinalrestcloud\app\models\RecipeModel.java: Recompile with -Xlint:unchecked for details.[0m
[0m[[0m[0mdebug[0m] [0m[0mRunning task... Cancel: Signal, check cycles: false, forcegc: true[0m
[0m[[0m[0mdebug[0m] [0m[0mExporting web-assets:trabajofinalrestcloud[0m
[0m[[0m[0mdebug[0m] [0m[0mRunning task... Cancel: Signal, check cycles: false, forcegc: true[0m
[0m[[0m[0mdebug[0m] [0m[0mRunning task... Cancel: Signal, check cycles: false, forcegc: true[0m
[0m[[0m[0minfo[0m] [0m[0mcompiling 1 Java source to C:\Users\Usuario\Documents\Master\2_CLOUD\Servicios_REST\trabajofinalrestcloud\target\scala-2.13\classes ...[0m
[0m[[0m[0minfo[0m] [0m[0mC:\Users\Usuario\Documents\Master\2_CLOUD\Servicios_REST\trabajofinalrestcloud\app\models\RecipeModel.java: RecipeModel.java uses unchecked or unsafe operations.[0m
[0m[[0m[0minfo[0m] [0m[0mC:\Users\Usuario\Documents\Master\2_CLOUD\Servicios_REST\trabajofinalrestcloud\app\models\RecipeModel.java: Recompile with -Xlint:unchecked for details.[0m
[0m[[0m[0mdebug[0m] [0m[0mForcing garbage collection...[0m
[0m[[0m[0mdebug[0m] [0m[0mRunning task... Cancel: Signal, check cycles: false, forcegc: true[0m
[0m[[0m[0mdebug[0m] [0m[0mExporting web-assets:trabajofinalrestcloud[0m
[0m[[0m[0mdebug[0m] [0m[0mRunning task... Cancel: Signal, check cycles: false, forcegc: true[0m
[0m[[0m[0mdebug[0m] [0m[0mRunning task... Cancel: Signal, check cycles: false, forcegc: true[0m
[0m[[0m[0minfo[0m] [0m[0mcompiling 1 Java source to C:\Users\Usuario\Documents\Master\2_CLOUD\Servicios_REST\trabajofinalrestcloud\target\scala-2.13\classes ...[0m
[0m[[0m[0minfo[0m] [0m[0mC:\Users\Usuario\Documents\Master\2_CLOUD\Servicios_REST\trabajofinalrestcloud\app\models\RecipeModel.java: RecipeModel.java uses unchecked or unsafe operations.[0m
[0m[[0m[0minfo[0m] [0m[0mC:\Users\Usuario\Documents\Master\2_CLOUD\Servicios_REST\trabajofinalrestcloud\app\models\RecipeModel.java: Recompile with -Xlint:unchecked for details.[0m
[0m[[0m[0mdebug[0m] [0m[0mRunning task... Cancel: Signal, check cycles: false, forcegc: true[0m
[0m[[0m[0mdebug[0m] [0m[0mExporting web-assets:trabajofinalrestcloud[0m
[0m[[0m[0mdebug[0m] [0m[0mRunning task... Cancel: Signal, check cycles: false, forcegc: true[0m
