[0m[[0m[0mdebug[0m] [0m[0m> Exec(run, Some(9346c32e-b8e9-4d51-a194-047766d03afd), Some(CommandSource(console0)))[0m
[0m[[0m[0mdebug[0m] [0m[0mEvaluating tasks: Compile / run[0m
[0m[[0m[0mdebug[0m] [0m[0mRunning task... Cancel: Signal, check cycles: false, forcegc: true[0m
[0m[[0m[0mdebug[0m] [0m[0mRunning task... Cancel: Signal, check cycles: false, forcegc: true[0m
[0m[[0m[0minfo[0m] [0m[0mcompiling 3 Scala sources and 1 Java source to C:\Users\Usuario\Documents\Master\2_CLOUD\Servicios_REST\trabajofinalrestcloud\target\scala-2.13\classes ...[0m
[0m[[0m[0minfo[0m] [0m[0mcompiling 1 Scala source and 5 Java sources to C:\Users\Usuario\Documents\Master\2_CLOUD\Servicios_REST\trabajofinalrestcloud\target\scala-2.13\classes ...[0m
[0m[[0m[0minfo[0m] [0m[0mC:\Users\Usuario\Documents\Master\2_CLOUD\Servicios_REST\trabajofinalrestcloud\app\controllers\RecipeController.java: RecipeController.java uses unchecked or unsafe operations.[0m
[0m[[0m[0minfo[0m] [0m[0mC:\Users\Usuario\Documents\Master\2_CLOUD\Servicios_REST\trabajofinalrestcloud\app\controllers\RecipeController.java: Recompile with -Xlint:unchecked for details.[0m
[0m[[0m[0minfo[0m] [0m[0mcompiling 2 Scala sources and 1 Java source to C:\Users\Usuario\Documents\Master\2_CLOUD\Servicios_REST\trabajofinalrestcloud\target\scala-2.13\classes ...[0m
[0m[[0m[0minfo[0m] [0m[0mcompiling 2 Scala sources and 5 Java sources to C:\Users\Usuario\Documents\Master\2_CLOUD\Servicios_REST\trabajofinalrestcloud\target\scala-2.13\classes ...[0m
[0m[[0m[0minfo[0m] [0m[0mC:\Users\Usuario\Documents\Master\2_CLOUD\Servicios_REST\trabajofinalrestcloud\app\controllers\RecipeController.java: RecipeController.java uses unchecked or unsafe operations.[0m
[0m[[0m[0minfo[0m] [0m[0mC:\Users\Usuario\Documents\Master\2_CLOUD\Servicios_REST\trabajofinalrestcloud\app\controllers\RecipeController.java: Recompile with -Xlint:unchecked for details.[0m
[0m[[0m[0minfo[0m] [0m[0mcompiling 2 Scala sources and 1 Java source to C:\Users\Usuario\Documents\Master\2_CLOUD\Servicios_REST\trabajofinalrestcloud\target\scala-2.13\classes ...[0m
[0m[[0m[0minfo[0m] [0m[0mcompiling 2 Scala sources and 5 Java sources to C:\Users\Usuario\Documents\Master\2_CLOUD\Servicios_REST\trabajofinalrestcloud\target\scala-2.13\classes ...[0m
[0m[[0m[0minfo[0m] [0m[0mC:\Users\Usuario\Documents\Master\2_CLOUD\Servicios_REST\trabajofinalrestcloud\app\controllers\RecipeController.java: RecipeController.java uses unchecked or unsafe operations.[0m
[0m[[0m[0minfo[0m] [0m[0mC:\Users\Usuario\Documents\Master\2_CLOUD\Servicios_REST\trabajofinalrestcloud\app\controllers\RecipeController.java: Recompile with -Xlint:unchecked for details.[0m
[0m[[0m[0minfo[0m] [0m[0mcompiling 2 Scala sources and 1 Java source to C:\Users\Usuario\Documents\Master\2_CLOUD\Servicios_REST\trabajofinalrestcloud\target\scala-2.13\classes ...[0m
[0m[[0m[0minfo[0m] [0m[0mcompiling 2 Scala sources and 5 Java sources to C:\Users\Usuario\Documents\Master\2_CLOUD\Servicios_REST\trabajofinalrestcloud\target\scala-2.13\classes ...[0m
[0m[[0m[0minfo[0m] [0m[0mC:\Users\Usuario\Documents\Master\2_CLOUD\Servicios_REST\trabajofinalrestcloud\app\controllers\RecipeController.java: RecipeController.java uses unchecked or unsafe operations.[0m
[0m[[0m[0minfo[0m] [0m[0mC:\Users\Usuario\Documents\Master\2_CLOUD\Servicios_REST\trabajofinalrestcloud\app\controllers\RecipeController.java: Recompile with -Xlint:unchecked for details.[0m
[0m[[0m[0minfo[0m] [0m[0mcompiling 2 Scala sources and 1 Java source to C:\Users\Usuario\Documents\Master\2_CLOUD\Servicios_REST\trabajofinalrestcloud\target\scala-2.13\classes ...[0m
[0m[[0m[0minfo[0m] [0m[0mcompiling 2 Scala sources and 5 Java sources to C:\Users\Usuario\Documents\Master\2_CLOUD\Servicios_REST\trabajofinalrestcloud\target\scala-2.13\classes ...[0m
[0m[[0m[0minfo[0m] [0m[0mC:\Users\Usuario\Documents\Master\2_CLOUD\Servicios_REST\trabajofinalrestcloud\app\controllers\RecipeController.java: RecipeController.java uses unchecked or unsafe operations.[0m
[0m[[0m[0minfo[0m] [0m[0mC:\Users\Usuario\Documents\Master\2_CLOUD\Servicios_REST\trabajofinalrestcloud\app\controllers\RecipeController.java: Recompile with -Xlint:unchecked for details.[0m
[0m[[0m[0minfo[0m] [0m[0mcompiling 2 Scala sources and 1 Java source to C:\Users\Usuario\Documents\Master\2_CLOUD\Servicios_REST\trabajofinalrestcloud\target\scala-2.13\classes ...[0m
[0m[[0m[32msuccess[0m] [0m[0mTotal time: 501 s (08:21), completed 9 feb. 2023 19:55:51[0m
[0m[[0m[0mdebug[0m] [0m[0m> Exec(shell, None, None)[0m
[0m[[0m[0minfo[0m] [0m[0mshutting down sbt server[0m
